c:\users\boruku\documents\c++\dllgame\dllgame\debug\vc143.pdb
c:\users\boruku\documents\c++\dllgame\dllgame\debug\vc143.idb
c:\users\boruku\documents\c++\dllgame\dllgame\debug\dllmain.obj
c:\users\boruku\documents\c++\dllgame\dllgame\debug\dllgame.pch
c:\users\boruku\documents\c++\dllgame\dllgame\debug\pch.obj
c:\users\boruku\documents\c++\dllgame\dllgame\debug\functions.obj
c:\users\boruku\documents\c++\dllgame\dllgame\debug\loadscreen.obj
c:\users\boruku\documents\c++\dllgame\dllgame\debug\imgui_widgets.obj
c:\users\boruku\documents\c++\dllgame\dllgame\debug\imgui_tables.obj
c:\users\boruku\documents\c++\dllgame\dllgame\debug\imgui_impl_win32.obj
c:\users\boruku\documents\c++\dllgame\dllgame\debug\imgui_impl_dx11.obj
c:\users\boruku\documents\c++\dllgame\dllgame\debug\imgui_draw.obj
c:\users\boruku\documents\c++\dllgame\dllgame\debug\imgui.obj
c:\users\boruku\documents\c++\dllgame\debug\dllgame.dll
c:\users\boruku\documents\c++\dllgame\dllgame\debug\dllgame.ilk
c:\users\boruku\documents\c++\dllgame\debug\dllgame.pdb
c:\users\boruku\documents\c++\dllgame\dllgame\debug\dllgame.tlog\cl.command.1.tlog
c:\users\boruku\documents\c++\dllgame\dllgame\debug\dllgame.tlog\cl.read.1.tlog
c:\users\boruku\documents\c++\dllgame\dllgame\debug\dllgame.tlog\cl.write.1.tlog
c:\users\boruku\documents\c++\dllgame\dllgame\debug\dllgame.tlog\link.command.1.tlog
c:\users\boruku\documents\c++\dllgame\dllgame\debug\dllgame.tlog\link.read.1.tlog
c:\users\boruku\documents\c++\dllgame\dllgame\debug\dllgame.tlog\link.write.1.tlog
